{"event":"campaign.metafield.fetch.received","level":"info","message":"Fetch campaign metafield request received","requestId":"998bb296-c2a2-4d8d-a8ce-c92aeb2dd05b","timestamp":"2026-02-05T04:22:04.337Z"}
{"event":"shop.currency.fetch.received","level":"info","message":"Fetch shop currency request received","requestId":"f2705105-b270-4f3e-be2a-811a91837ca7","timestamp":"2026-02-05T04:22:04.359Z"}
{"event":"campaign.metafield.fetch.start","key":"campaigns","level":"info","message":"Fetching campaign metafield","namespace":"optimaio_cart","requestId":"998bb296-c2a2-4d8d-a8ce-c92aeb2dd05b","shop":"plus-store-tushar-optimaio.myshopify.com","timestamp":"2026-02-05T04:22:04.615Z"}
{"event":"shop.currency.fetch.start","level":"info","message":"Fetching shop currency from Shopify","requestId":"f2705105-b270-4f3e-be2a-811a91837ca7","shop":"plus-store-tushar-optimaio.myshopify.com","timestamp":"2026-02-05T04:22:04.904Z"}
{"event":"campaign.metafield.fetch.success","key":"campaigns","level":"info","message":"Campaign metafield fetched successfully","namespace":"optimaio_cart","requestId":"998bb296-c2a2-4d8d-a8ce-c92aeb2dd05b","shop":"plus-store-tushar-optimaio.myshopify.com","timestamp":"2026-02-05T04:22:05.546Z"}
{"currencyCode":"USD","event":"shop.currency.fetch.success","level":"info","message":"Shop currency fetched successfully","requestId":"f2705105-b270-4f3e-be2a-811a91837ca7","shop":"plus-store-tushar-optimaio.myshopify.com","timestamp":"2026-02-05T04:22:05.812Z"}
{"event":"campaign.metafield.fetch.received","level":"info","message":"Fetch campaign metafield request received","requestId":"6c890248-bf36-4d56-be98-a367fc241280","timestamp":"2026-02-05T04:22:06.230Z"}
{"event":"shop.currency.fetch.received","level":"info","message":"Fetch shop currency request received","requestId":"a7ab2d93-d6ce-4270-a922-b33f02fa8fcd","timestamp":"2026-02-05T04:22:06.500Z"}
{"event":"campaign.metafield.fetch.start","key":"campaigns","level":"info","message":"Fetching campaign metafield","namespace":"optimaio_cart","requestId":"6c890248-bf36-4d56-be98-a367fc241280","shop":"plus-store-tushar-optimaio.myshopify.com","timestamp":"2026-02-05T04:22:06.503Z"}
{"event":"shop.currency.fetch.start","level":"info","message":"Fetching shop currency from Shopify","requestId":"a7ab2d93-d6ce-4270-a922-b33f02fa8fcd","shop":"plus-store-tushar-optimaio.myshopify.com","timestamp":"2026-02-05T04:22:06.912Z"}
{"event":"campaign.metafield.fetch.success","key":"campaigns","level":"info","message":"Campaign metafield fetched successfully","namespace":"optimaio_cart","requestId":"6c890248-bf36-4d56-be98-a367fc241280","shop":"plus-store-tushar-optimaio.myshopify.com","timestamp":"2026-02-05T04:22:07.189Z"}
{"currencyCode":"USD","event":"shop.currency.fetch.success","level":"info","message":"Shop currency fetched successfully","requestId":"a7ab2d93-d6ce-4270-a922-b33f02fa8fcd","shop":"plus-store-tushar-optimaio.myshopify.com","timestamp":"2026-02-05T04:22:07.377Z"}
{"event":"campaigns.webhook.received","level":"info","message":"Webhook received","requestId":"6a364b0b-26c7-531a-b9d8-74b32d7983c7","shop":"plus-store-tushar-optimaio.myshopify.com","timestamp":"2026-02-05T04:25:14.306Z","topic":"SHOP_UPDATE"}
{"event":"campaigns.no_change","level":"info","message":"No campaign changes detected","requestId":"6a364b0b-26c7-531a-b9d8-74b32d7983c7","shop":"plus-store-tushar-optimaio.myshopify.com","timestamp":"2026-02-05T04:25:16.145Z"}
{"event":"billing.cron.triggered","level":"info","message":"Store expiry cron triggered","requestId":"4b8d8547-b9d5-4426-9403-95a6c277d786","timestamp":"2026-02-05T04:30:00.339Z"}
{"event":"redis.client.init","host":"redis-16663.crce179.ap-south-1-1.ec2.cloud.redislabs.com","level":"info","message":"Initializing Redis client","port":16663,"requestId":"4b8d8547-b9d5-4426-9403-95a6c277d786","timestamp":"2026-02-05T04:30:00.341Z"}
{"event":"redis.connect.start","level":"info","message":"Connecting to Redis","requestId":"4b8d8547-b9d5-4426-9403-95a6c277d786","timestamp":"2026-02-05T04:30:00.346Z"}
{"event":"billing.orders.cron.triggered","level":"info","message":"Order-based billing cron triggered","requestId":"d155839f-397f-4204-8f5c-4e9f9ce114ce","timestamp":"2026-02-05T04:30:00.350Z"}
{"event":"billing.orders.scan.started","level":"info","message":"Order-based billing scan started","requestId":"d155839f-397f-4204-8f5c-4e9f9ce114ce","timestamp":"2026-02-05T04:30:00.352Z"}
{"event":"orders.flush.cron.triggered","level":"info","message":"Hourly order flush cron triggered","requestId":"d330773f-91fc-4bf7-a0e9-6418e9d65d2a","timestamp":"2026-02-05T04:30:00.356Z"}
{"event":"orders.flush.scan.started","level":"info","message":"Order flush scan started","requestId":"d330773f-91fc-4bf7-a0e9-6418e9d65d2a","timestamp":"2026-02-05T04:30:00.357Z"}
{"event":"campaigns.webhook.received","level":"info","message":"Webhook received","requestId":"0c5e444c-604a-5113-b61b-5c1d11da57cf","shop":"plus-store-tushar-optimaio.myshopify.com","timestamp":"2026-02-05T04:30:40.893Z","topic":"SHOP_UPDATE"}
{"event":"campaigns.no_change","level":"info","message":"No campaign changes detected","requestId":"0c5e444c-604a-5113-b61b-5c1d11da57cf","shop":"plus-store-tushar-optimaio.myshopify.com","timestamp":"2026-02-05T04:30:41.410Z"}
{"event":"campaigns.webhook.received","level":"info","message":"Webhook received","requestId":"2f105fff-5767-5819-9b78-bd82118285c2","shop":"plus-store-tushar-optimaio.myshopify.com","timestamp":"2026-02-05T04:33:21.115Z","topic":"SHOP_UPDATE"}
{"event":"campaigns.no_change","level":"info","message":"No campaign changes detected","requestId":"2f105fff-5767-5819-9b78-bd82118285c2","shop":"plus-store-tushar-optimaio.myshopify.com","timestamp":"2026-02-05T04:33:21.566Z"}
{"event":"campaigns.webhook.received","level":"info","message":"Webhook received","requestId":"2349022a-98a3-5e4b-a1e4-947cc06bb9db","shop":"plus-store-tushar-optimaio.myshopify.com","timestamp":"2026-02-05T04:34:33.935Z","topic":"SHOP_UPDATE"}
{"event":"campaigns.no_change","level":"info","message":"No campaign changes detected","requestId":"2349022a-98a3-5e4b-a1e4-947cc06bb9db","shop":"plus-store-tushar-optimaio.myshopify.com","timestamp":"2026-02-05T04:34:34.415Z"}
{"event":"orders.flush.cron.triggered","level":"info","message":"Hourly order flush cron triggered","requestId":"5d44a953-cdfa-48b6-81a7-42da9a82d6fc","timestamp":"2026-02-05T05:00:00.273Z"}
{"event":"orders.flush.scan.started","level":"info","message":"Order flush scan started","requestId":"5d44a953-cdfa-48b6-81a7-42da9a82d6fc","timestamp":"2026-02-05T05:00:00.274Z"}
{"event":"timer.fetch.received","level":"info","message":"Fetch cart timer request received","requestId":"f279ff92-31db-4795-bf36-112b571cfce8","timestamp":"2026-02-05T05:05:23.391Z"}
{"event":"timer.fetch.start","level":"info","message":"Fetching cart timer metafield","requestId":"f279ff92-31db-4795-bf36-112b571cfce8","shop":"plus-store-tushar-optimaio.myshopify.com","timestamp":"2026-02-05T05:05:23.458Z"}
{"event":"timer.fetch.success","level":"info","message":"Cart timer fetched successfully","requestId":"f279ff92-31db-4795-bf36-112b571cfce8","shop":"plus-store-tushar-optimaio.myshopify.com","timestamp":"2026-02-05T05:05:24.313Z"}
{"event":"timer.fetch.received","level":"info","message":"Fetch cart timer request received","requestId":"d89f4565-b5a2-41e5-96b9-c88717713567","timestamp":"2026-02-05T05:05:24.565Z"}
{"event":"timer.fetch.start","level":"info","message":"Fetching cart timer metafield","requestId":"d89f4565-b5a2-41e5-96b9-c88717713567","shop":"plus-store-tushar-optimaio.myshopify.com","timestamp":"2026-02-05T05:05:24.631Z"}
{"event":"timer.fetch.success","level":"info","message":"Cart timer fetched successfully","requestId":"d89f4565-b5a2-41e5-96b9-c88717713567","shop":"plus-store-tushar-optimaio.myshopify.com","timestamp":"2026-02-05T05:05:25.408Z"}
{"event":"timer.fetch.received","level":"info","message":"Fetch cart timer request received","requestId":"97ddada0-02e6-410c-934e-046ad164207c","timestamp":"2026-02-05T05:08:26.753Z"}
{"event":"timer.fetch.start","level":"info","message":"Fetching cart timer metafield","requestId":"97ddada0-02e6-410c-934e-046ad164207c","shop":"plus-store-tushar-optimaio.myshopify.com","timestamp":"2026-02-05T05:08:26.894Z"}
{"event":"timer.fetch.success","level":"info","message":"Cart timer fetched successfully","requestId":"97ddada0-02e6-410c-934e-046ad164207c","shop":"plus-store-tushar-optimaio.myshopify.com","timestamp":"2026-02-05T05:08:27.738Z"}
{"event":"timer.fetch.received","level":"info","message":"Fetch cart timer request received","requestId":"bef681e6-5214-4517-a4b9-04e6def99689","timestamp":"2026-02-05T05:08:28.029Z"}
{"event":"timer.fetch.start","level":"info","message":"Fetching cart timer metafield","requestId":"bef681e6-5214-4517-a4b9-04e6def99689","shop":"plus-store-tushar-optimaio.myshopify.com","timestamp":"2026-02-05T05:08:28.109Z"}
{"event":"timer.fetch.success","level":"info","message":"Cart timer fetched successfully","requestId":"bef681e6-5214-4517-a4b9-04e6def99689","shop":"plus-store-tushar-optimaio.myshopify.com","timestamp":"2026-02-05T05:08:28.906Z"}
{"event":"products.fetch.received","level":"info","message":"Fetch products request received","requestId":"7a21f380-954f-43ca-9b24-c5ccbd1b34d4","timestamp":"2026-02-05T05:11:11.460Z"}
{"event":"products.fetch.start","level":"info","message":"Fetching products from Shopify","requestId":"7a21f380-954f-43ca-9b24-c5ccbd1b34d4","shop":"plus-store-tushar-optimaio.myshopify.com","timestamp":"2026-02-05T05:11:11.530Z"}
{"count":17,"event":"products.fetch.success","level":"info","message":"Products fetched successfully","requestId":"7a21f380-954f-43ca-9b24-c5ccbd1b34d4","shop":"plus-store-tushar-optimaio.myshopify.com","timestamp":"2026-02-05T05:11:12.251Z"}
{"event":"timer.fetch.received","level":"info","message":"Fetch cart timer request received","requestId":"5fc93d91-1107-4d6a-933b-7aed025800cb","timestamp":"2026-02-05T05:20:57.499Z"}
{"event":"timer.fetch.start","level":"info","message":"Fetching cart timer metafield","requestId":"5fc93d91-1107-4d6a-933b-7aed025800cb","shop":"plus-store-tushar-optimaio.myshopify.com","timestamp":"2026-02-05T05:20:58.303Z"}
{"event":"timer.fetch.success","level":"info","message":"Cart timer fetched successfully","requestId":"5fc93d91-1107-4d6a-933b-7aed025800cb","shop":"plus-store-tushar-optimaio.myshopify.com","timestamp":"2026-02-05T05:20:59.158Z"}
{"event":"timer.fetch.received","level":"info","message":"Fetch cart timer request received","requestId":"e25277e2-f632-4f59-8e09-a41315b48a85","timestamp":"2026-02-05T05:20:59.406Z"}
{"event":"timer.fetch.start","level":"info","message":"Fetching cart timer metafield","requestId":"e25277e2-f632-4f59-8e09-a41315b48a85","shop":"plus-store-tushar-optimaio.myshopify.com","timestamp":"2026-02-05T05:20:59.473Z"}
{"event":"timer.fetch.success","level":"info","message":"Cart timer fetched successfully","requestId":"e25277e2-f632-4f59-8e09-a41315b48a85","shop":"plus-store-tushar-optimaio.myshopify.com","timestamp":"2026-02-05T05:21:00.258Z"}
{"event":"timer.save.received","level":"info","message":"Save cart timer request received","requestId":"1e156510-3b2f-4ee1-95af-8463c5a3f63c","timestamp":"2026-02-05T05:21:23.938Z"}
{"event":"timer.save.debug","level":"debug","message":"Save timer API invoked","requestId":"1e156510-3b2f-4ee1-95af-8463c5a3f63c","timestamp":"2026-02-05T05:21:24.068Z"}
{"event":"timer.save.start","level":"info","message":"Saving cart timer settings","requestId":"1e156510-3b2f-4ee1-95af-8463c5a3f63c","shopId":"gid://shopify/Shop/96464044105","status":"active","timestamp":"2026-02-05T05:21:24.518Z"}
{"event":"timer.metafield.save.success","level":"info","message":"Timer metafield saved","metafieldId":"gid://shopify/Metafield/181674946101321","requestId":"1e156510-3b2f-4ee1-95af-8463c5a3f63c","shopId":"gid://shopify/Shop/96464044105","timestamp":"2026-02-05T05:21:24.965Z"}
{"event":"timer.save.success","level":"info","message":"Cart timer saved successfully","requestId":"1e156510-3b2f-4ee1-95af-8463c5a3f63c","shopId":"gid://shopify/Shop/96464044105","timestamp":"2026-02-05T05:21:24.965Z"}
{"event":"timer.save.received","level":"info","message":"Save cart timer request received","requestId":"453d53d1-2b8d-4b3f-bfac-44b3568d55d2","timestamp":"2026-02-05T05:27:52.881Z"}
{"event":"timer.save.debug","level":"debug","message":"Save timer API invoked","requestId":"453d53d1-2b8d-4b3f-bfac-44b3568d55d2","timestamp":"2026-02-05T05:27:53.628Z"}
{"event":"timer.save.start","level":"info","message":"Saving cart timer settings","requestId":"453d53d1-2b8d-4b3f-bfac-44b3568d55d2","shopId":"gid://shopify/Shop/96464044105","status":"active","timestamp":"2026-02-05T05:27:54.110Z"}
{"event":"timer.metafield.save.success","level":"info","message":"Timer metafield saved","metafieldId":"gid://shopify/Metafield/181674946101321","requestId":"453d53d1-2b8d-4b3f-bfac-44b3568d55d2","shopId":"gid://shopify/Shop/96464044105","timestamp":"2026-02-05T05:27:54.555Z"}
{"event":"timer.save.success","level":"info","message":"Cart timer saved successfully","requestId":"453d53d1-2b8d-4b3f-bfac-44b3568d55d2","shopId":"gid://shopify/Shop/96464044105","timestamp":"2026-02-05T05:27:54.555Z"}
{"event":"orders.flush.cron.triggered","level":"info","message":"Hourly order flush cron triggered","requestId":"257a887f-52ef-4055-80b0-af74dd2ddcfb","timestamp":"2026-02-05T05:30:00.162Z"}
{"event":"orders.flush.scan.started","level":"info","message":"Order flush scan started","requestId":"257a887f-52ef-4055-80b0-af74dd2ddcfb","timestamp":"2026-02-05T05:30:00.163Z"}
{"event":"billing.cron.triggered","level":"info","message":"Store expiry cron triggered","requestId":"8a5ea03e-334d-42e5-872c-2c4491c1bc43","timestamp":"2026-02-05T05:30:00.413Z"}
{"event":"billing.cron.scan.started","level":"info","maxPerRun":10,"message":"Store expiry scan started","requestId":"8a5ea03e-334d-42e5-872c-2c4491c1bc43","timestamp":"2026-02-05T05:30:00.413Z"}
{"event":"billing.orders.cron.triggered","level":"info","message":"Order-based billing cron triggered","requestId":"aa90fc5e-fed8-478d-8000-feaae859deed","timestamp":"2026-02-05T05:30:00.415Z"}
{"event":"billing.orders.scan.started","level":"info","message":"Order-based billing scan started","requestId":"aa90fc5e-fed8-478d-8000-feaae859deed","timestamp":"2026-02-05T05:30:00.415Z"}
{"event":"timer.save.received","level":"info","message":"Save cart timer request received","requestId":"5f17ae4d-0624-4a81-ad57-9609c7dfd0b8","timestamp":"2026-02-05T05:31:19.755Z"}
{"event":"timer.save.debug","level":"debug","message":"Save timer API invoked","requestId":"5f17ae4d-0624-4a81-ad57-9609c7dfd0b8","timestamp":"2026-02-05T05:31:19.889Z"}
{"event":"timer.save.start","level":"info","message":"Saving cart timer settings","requestId":"5f17ae4d-0624-4a81-ad57-9609c7dfd0b8","shopId":"gid://shopify/Shop/96464044105","status":"active","timestamp":"2026-02-05T05:31:20.385Z"}
{"event":"timer.metafield.save.success","level":"info","message":"Timer metafield saved","metafieldId":"gid://shopify/Metafield/181674946101321","requestId":"5f17ae4d-0624-4a81-ad57-9609c7dfd0b8","shopId":"gid://shopify/Shop/96464044105","timestamp":"2026-02-05T05:31:20.826Z"}
{"event":"timer.save.success","level":"info","message":"Cart timer saved successfully","requestId":"5f17ae4d-0624-4a81-ad57-9609c7dfd0b8","shopId":"gid://shopify/Shop/96464044105","timestamp":"2026-02-05T05:31:20.826Z"}
{"event":"timer.save.received","level":"info","message":"Save cart timer request received","requestId":"7a1e0356-af2b-47dd-9e2c-2ae09ce24b74","timestamp":"2026-02-05T05:34:38.378Z"}
{"event":"timer.save.debug","level":"debug","message":"Save timer API invoked","requestId":"7a1e0356-af2b-47dd-9e2c-2ae09ce24b74","timestamp":"2026-02-05T05:34:39.021Z"}
{"event":"timer.save.start","level":"info","message":"Saving cart timer settings","requestId":"7a1e0356-af2b-47dd-9e2c-2ae09ce24b74","shopId":"gid://shopify/Shop/96464044105","status":"active","timestamp":"2026-02-05T05:34:39.524Z"}
{"event":"timer.metafield.save.success","level":"info","message":"Timer metafield saved","metafieldId":"gid://shopify/Metafield/181674946101321","requestId":"7a1e0356-af2b-47dd-9e2c-2ae09ce24b74","shopId":"gid://shopify/Shop/96464044105","timestamp":"2026-02-05T05:34:40.033Z"}
{"event":"timer.save.success","level":"info","message":"Cart timer saved successfully","requestId":"7a1e0356-af2b-47dd-9e2c-2ae09ce24b74","shopId":"gid://shopify/Shop/96464044105","timestamp":"2026-02-05T05:34:40.034Z"}
{"event":"timer.fetch.received","level":"info","message":"Fetch cart timer request received","requestId":"decb02ee-6eee-4482-b17c-5bb6de46431d","timestamp":"2026-02-05T05:38:08.545Z"}
{"event":"timer.fetch.start","level":"info","message":"Fetching cart timer metafield","requestId":"decb02ee-6eee-4482-b17c-5bb6de46431d","shop":"plus-store-tushar-optimaio.myshopify.com","timestamp":"2026-02-05T05:38:08.611Z"}
{"event":"timer.fetch.success","level":"info","message":"Cart timer fetched successfully","requestId":"decb02ee-6eee-4482-b17c-5bb6de46431d","shop":"plus-store-tushar-optimaio.myshopify.com","timestamp":"2026-02-05T05:38:09.547Z"}
{"event":"timer.fetch.received","level":"info","message":"Fetch cart timer request received","requestId":"90fde456-7421-447f-adc6-fa2e690fecb0","timestamp":"2026-02-05T05:38:09.897Z"}
{"event":"timer.fetch.start","level":"info","message":"Fetching cart timer metafield","requestId":"90fde456-7421-447f-adc6-fa2e690fecb0","shop":"plus-store-tushar-optimaio.myshopify.com","timestamp":"2026-02-05T05:38:09.968Z"}
{"event":"timer.fetch.success","level":"info","message":"Cart timer fetched successfully","requestId":"90fde456-7421-447f-adc6-fa2e690fecb0","shop":"plus-store-tushar-optimaio.myshopify.com","timestamp":"2026-02-05T05:38:10.723Z"}
{"event":"timer.fetch.received","level":"info","message":"Fetch cart timer request received","requestId":"24b34e43-b5fa-4b5d-91cf-599939fb075c","timestamp":"2026-02-05T05:41:56.573Z"}
{"event":"timer.fetch.start","level":"info","message":"Fetching cart timer metafield","requestId":"24b34e43-b5fa-4b5d-91cf-599939fb075c","shop":"plus-store-tushar-optimaio.myshopify.com","timestamp":"2026-02-05T05:41:56.649Z"}
{"event":"timer.fetch.success","level":"info","message":"Cart timer fetched successfully","requestId":"24b34e43-b5fa-4b5d-91cf-599939fb075c","shop":"plus-store-tushar-optimaio.myshopify.com","timestamp":"2026-02-05T05:41:57.700Z"}
{"event":"timer.fetch.received","level":"info","message":"Fetch cart timer request received","requestId":"80038596-022a-4980-9317-8d27ce806214","timestamp":"2026-02-05T05:41:57.961Z"}
{"event":"timer.fetch.start","level":"info","message":"Fetching cart timer metafield","requestId":"80038596-022a-4980-9317-8d27ce806214","shop":"plus-store-tushar-optimaio.myshopify.com","timestamp":"2026-02-05T05:41:58.038Z"}
{"event":"timer.fetch.success","level":"info","message":"Cart timer fetched successfully","requestId":"80038596-022a-4980-9317-8d27ce806214","shop":"plus-store-tushar-optimaio.myshopify.com","timestamp":"2026-02-05T05:41:58.814Z"}
{"event":"timer.save.received","level":"info","message":"Save cart timer request received","requestId":"f8706142-b376-47c6-ae0f-2c1015de9244","timestamp":"2026-02-05T05:42:45.076Z"}
{"event":"timer.save.debug","level":"debug","message":"Save timer API invoked","requestId":"f8706142-b376-47c6-ae0f-2c1015de9244","timestamp":"2026-02-05T05:42:45.217Z"}
{"event":"timer.save.start","level":"info","message":"Saving cart timer settings","requestId":"f8706142-b376-47c6-ae0f-2c1015de9244","shopId":"gid://shopify/Shop/96464044105","status":"active","timestamp":"2026-02-05T05:42:45.994Z"}
{"event":"timer.metafield.save.success","level":"info","message":"Timer metafield saved","metafieldId":"gid://shopify/Metafield/181674946101321","requestId":"f8706142-b376-47c6-ae0f-2c1015de9244","shopId":"gid://shopify/Shop/96464044105","timestamp":"2026-02-05T05:42:46.403Z"}
{"event":"timer.save.success","level":"info","message":"Cart timer saved successfully","requestId":"f8706142-b376-47c6-ae0f-2c1015de9244","shopId":"gid://shopify/Shop/96464044105","timestamp":"2026-02-05T05:42:46.404Z"}
{"event":"campaigns.webhook.received","level":"info","message":"Webhook received","requestId":"29bb2bf9-12ce-50e3-94d3-b1729abeb5e9","shop":"plus-store-tushar-optimaio.myshopify.com","timestamp":"2026-02-05T05:42:48.441Z","topic":"SHOP_UPDATE"}
{"event":"campaigns.no_change","level":"info","message":"No campaign changes detected","requestId":"29bb2bf9-12ce-50e3-94d3-b1729abeb5e9","shop":"plus-store-tushar-optimaio.myshopify.com","timestamp":"2026-02-05T05:42:48.893Z"}
{"event":"timer.fetch.received","level":"info","message":"Fetch cart timer request received","requestId":"565cc0c0-82f0-4b16-ac93-2ce8afbde275","timestamp":"2026-02-05T05:45:46.405Z"}
{"event":"timer.fetch.start","level":"info","message":"Fetching cart timer metafield","requestId":"565cc0c0-82f0-4b16-ac93-2ce8afbde275","shop":"plus-store-tushar-optimaio.myshopify.com","timestamp":"2026-02-05T05:45:46.488Z"}
{"event":"timer.fetch.success","level":"info","message":"Cart timer fetched successfully","requestId":"565cc0c0-82f0-4b16-ac93-2ce8afbde275","shop":"plus-store-tushar-optimaio.myshopify.com","timestamp":"2026-02-05T05:45:47.410Z"}
{"event":"timer.fetch.received","level":"info","message":"Fetch cart timer request received","requestId":"0ee11b2f-d4b7-4dcc-9aed-37af06173e74","timestamp":"2026-02-05T05:45:47.761Z"}
{"event":"timer.fetch.start","level":"info","message":"Fetching cart timer metafield","requestId":"0ee11b2f-d4b7-4dcc-9aed-37af06173e74","shop":"plus-store-tushar-optimaio.myshopify.com","timestamp":"2026-02-05T05:45:47.825Z"}
{"event":"timer.fetch.success","level":"info","message":"Cart timer fetched successfully","requestId":"0ee11b2f-d4b7-4dcc-9aed-37af06173e74","shop":"plus-store-tushar-optimaio.myshopify.com","timestamp":"2026-02-05T05:45:48.735Z"}
{"event":"timer.save.received","level":"info","message":"Save cart timer request received","requestId":"35b3d773-d8b2-4732-9cca-db5849ab2042","timestamp":"2026-02-05T05:45:57.052Z"}
{"event":"timer.save.debug","level":"debug","message":"Save timer API invoked","requestId":"35b3d773-d8b2-4732-9cca-db5849ab2042","timestamp":"2026-02-05T05:45:57.118Z"}
{"event":"timer.save.start","level":"info","message":"Saving cart timer settings","requestId":"35b3d773-d8b2-4732-9cca-db5849ab2042","shopId":"gid://shopify/Shop/96464044105","status":"active","timestamp":"2026-02-05T05:45:57.582Z"}
{"event":"timer.metafield.save.success","level":"info","message":"Timer metafield saved","metafieldId":"gid://shopify/Metafield/181674946101321","requestId":"35b3d773-d8b2-4732-9cca-db5849ab2042","shopId":"gid://shopify/Shop/96464044105","timestamp":"2026-02-05T05:45:58.022Z"}
{"event":"timer.save.success","level":"info","message":"Cart timer saved successfully","requestId":"35b3d773-d8b2-4732-9cca-db5849ab2042","shopId":"gid://shopify/Shop/96464044105","timestamp":"2026-02-05T05:45:58.023Z"}
{"event":"campaigns.webhook.received","level":"info","message":"Webhook received","requestId":"fe8772b9-e5b5-5925-8ff8-25c08f00fffc","shop":"plus-store-tushar-optimaio.myshopify.com","timestamp":"2026-02-05T05:45:59.679Z","topic":"SHOP_UPDATE"}
{"event":"campaigns.no_change","level":"info","message":"No campaign changes detected","requestId":"fe8772b9-e5b5-5925-8ff8-25c08f00fffc","shop":"plus-store-tushar-optimaio.myshopify.com","timestamp":"2026-02-05T05:46:00.180Z"}
{"event":"timer.fetch.received","level":"info","message":"Fetch cart timer request received","requestId":"979ab197-e3f2-44ce-87aa-de54674809be","timestamp":"2026-02-05T05:46:29.792Z"}
{"event":"timer.fetch.start","level":"info","message":"Fetching cart timer metafield","requestId":"979ab197-e3f2-44ce-87aa-de54674809be","shop":"plus-store-tushar-optimaio.myshopify.com","timestamp":"2026-02-05T05:46:29.867Z"}
{"event":"timer.fetch.success","level":"info","message":"Cart timer fetched successfully","requestId":"979ab197-e3f2-44ce-87aa-de54674809be","shop":"plus-store-tushar-optimaio.myshopify.com","timestamp":"2026-02-05T05:46:30.797Z"}
{"event":"timer.fetch.received","level":"info","message":"Fetch cart timer request received","requestId":"1f631465-ea65-4b33-8954-807d61824ba0","timestamp":"2026-02-05T05:46:30.947Z"}
{"event":"timer.fetch.start","level":"info","message":"Fetching cart timer metafield","requestId":"1f631465-ea65-4b33-8954-807d61824ba0","shop":"plus-store-tushar-optimaio.myshopify.com","timestamp":"2026-02-05T05:46:31.016Z"}
{"event":"timer.fetch.success","level":"info","message":"Cart timer fetched successfully","requestId":"1f631465-ea65-4b33-8954-807d61824ba0","shop":"plus-store-tushar-optimaio.myshopify.com","timestamp":"2026-02-05T05:46:31.841Z"}
{"event":"timer.save.received","level":"info","message":"Save cart timer request received","requestId":"527a803a-da53-48a3-bb96-91029bb0ec49","timestamp":"2026-02-05T05:48:57.768Z"}
{"event":"timer.save.debug","level":"debug","message":"Save timer API invoked","requestId":"527a803a-da53-48a3-bb96-91029bb0ec49","timestamp":"2026-02-05T05:48:58.362Z"}
{"event":"timer.save.start","level":"info","message":"Saving cart timer settings","requestId":"527a803a-da53-48a3-bb96-91029bb0ec49","shopId":"gid://shopify/Shop/96464044105","status":"active","timestamp":"2026-02-05T05:48:58.877Z"}
{"event":"timer.metafield.save.success","level":"info","message":"Timer metafield saved","metafieldId":"gid://shopify/Metafield/181674946101321","requestId":"527a803a-da53-48a3-bb96-91029bb0ec49","shopId":"gid://shopify/Shop/96464044105","timestamp":"2026-02-05T05:48:59.324Z"}
{"event":"timer.save.success","level":"info","message":"Cart timer saved successfully","requestId":"527a803a-da53-48a3-bb96-91029bb0ec49","shopId":"gid://shopify/Shop/96464044105","timestamp":"2026-02-05T05:48:59.325Z"}
{"event":"campaigns.webhook.received","level":"info","message":"Webhook received","requestId":"328e0a3a-c0f6-550e-adb6-8ba4556d56e9","shop":"plus-store-tushar-optimaio.myshopify.com","timestamp":"2026-02-05T05:49:01.123Z","topic":"SHOP_UPDATE"}
{"event":"campaigns.no_change","level":"info","message":"No campaign changes detected","requestId":"328e0a3a-c0f6-550e-adb6-8ba4556d56e9","shop":"plus-store-tushar-optimaio.myshopify.com","timestamp":"2026-02-05T05:49:01.635Z"}
{"event":"timer.fetch.received","level":"info","message":"Fetch cart timer request received","requestId":"2e0d7684-c854-4176-87a9-2b4e77d9d6b1","timestamp":"2026-02-05T05:49:43.440Z"}
{"event":"timer.fetch.start","level":"info","message":"Fetching cart timer metafield","requestId":"2e0d7684-c854-4176-87a9-2b4e77d9d6b1","shop":"plus-store-tushar-optimaio.myshopify.com","timestamp":"2026-02-05T05:49:43.507Z"}
{"event":"timer.fetch.success","level":"info","message":"Cart timer fetched successfully","requestId":"2e0d7684-c854-4176-87a9-2b4e77d9d6b1","shop":"plus-store-tushar-optimaio.myshopify.com","timestamp":"2026-02-05T05:49:44.353Z"}
{"event":"timer.fetch.received","level":"info","message":"Fetch cart timer request received","requestId":"248cbbfe-6311-4bab-b107-2063a5964954","timestamp":"2026-02-05T05:49:44.771Z"}
{"event":"timer.fetch.start","level":"info","message":"Fetching cart timer metafield","requestId":"248cbbfe-6311-4bab-b107-2063a5964954","shop":"plus-store-tushar-optimaio.myshopify.com","timestamp":"2026-02-05T05:49:44.894Z"}
{"event":"timer.fetch.success","level":"info","message":"Cart timer fetched successfully","requestId":"248cbbfe-6311-4bab-b107-2063a5964954","shop":"plus-store-tushar-optimaio.myshopify.com","timestamp":"2026-02-05T05:49:45.660Z"}
{"event":"timer.fetch.received","level":"info","message":"Fetch cart timer request received","requestId":"dc003c41-d57d-4a27-bfbf-4eba749462e6","timestamp":"2026-02-05T05:51:23.036Z"}
{"event":"timer.fetch.start","level":"info","message":"Fetching cart timer metafield","requestId":"dc003c41-d57d-4a27-bfbf-4eba749462e6","shop":"plus-store-tushar-optimaio.myshopify.com","timestamp":"2026-02-05T05:51:23.167Z"}
{"event":"timer.fetch.success","level":"info","message":"Cart timer fetched successfully","requestId":"dc003c41-d57d-4a27-bfbf-4eba749462e6","shop":"plus-store-tushar-optimaio.myshopify.com","timestamp":"2026-02-05T05:51:24.082Z"}
{"event":"timer.fetch.received","level":"info","message":"Fetch cart timer request received","requestId":"f55c5b66-f463-4674-937e-36144dc9245c","timestamp":"2026-02-05T05:51:24.485Z"}
{"event":"timer.fetch.start","level":"info","message":"Fetching cart timer metafield","requestId":"f55c5b66-f463-4674-937e-36144dc9245c","shop":"plus-store-tushar-optimaio.myshopify.com","timestamp":"2026-02-05T05:51:24.550Z"}
{"event":"timer.fetch.success","level":"info","message":"Cart timer fetched successfully","requestId":"f55c5b66-f463-4674-937e-36144dc9245c","shop":"plus-store-tushar-optimaio.myshopify.com","timestamp":"2026-02-05T05:51:25.361Z"}
{"event":"orders.flush.cron.triggered","level":"info","message":"Hourly order flush cron triggered","requestId":"fc8dc23b-654e-44e2-bada-f418d4da4a34","timestamp":"2026-02-05T06:00:00.072Z"}
{"event":"redis.client.init","host":"redis-16663.crce179.ap-south-1-1.ec2.cloud.redislabs.com","level":"info","message":"Initializing Redis client","port":16663,"requestId":"fc8dc23b-654e-44e2-bada-f418d4da4a34","timestamp":"2026-02-05T06:00:00.075Z"}
{"event":"redis.connect.start","level":"info","message":"Connecting to Redis","requestId":"fc8dc23b-654e-44e2-bada-f418d4da4a34","timestamp":"2026-02-05T06:00:00.079Z"}
{"event":"redis.socket.connected","level":"info","message":"Redis socket connected","requestId":"fc8dc23b-654e-44e2-bada-f418d4da4a34","timestamp":"2026-02-05T06:00:00.233Z"}
{"event":"redis.socket.connected","level":"info","message":"Redis socket connected","requestId":"fc8dc23b-654e-44e2-bada-f418d4da4a34","timestamp":"2026-02-05T06:00:00.233Z"}
{"event":"redis.client.ready","level":"info","message":"Redis client ready","requestId":"fc8dc23b-654e-44e2-bada-f418d4da4a34","timestamp":"2026-02-05T06:00:00.254Z"}
{"event":"redis.client.ready","level":"info","message":"Redis client ready","requestId":"fc8dc23b-654e-44e2-bada-f418d4da4a34","timestamp":"2026-02-05T06:00:00.255Z"}
{"event":"redis.connect.success","level":"info","message":"Redis connection established","requestId":"fc8dc23b-654e-44e2-bada-f418d4da4a34","timestamp":"2026-02-05T06:00:00.255Z"}
{"event":"orders.flush.scan.started","level":"info","message":"Order flush scan started","requestId":"fc8dc23b-654e-44e2-bada-f418d4da4a34","timestamp":"2026-02-05T06:00:00.256Z"}
{"event":"orders.flush.queue.empty","level":"info","message":"No order queues found","requestId":"fc8dc23b-654e-44e2-bada-f418d4da4a34","timestamp":"2026-02-05T06:00:00.270Z"}
{"event":"campaigns.webhook.received","level":"info","message":"Webhook received","requestId":"63d1ff9a-6232-5b63-8f2f-c9420c3dbd75","shop":"plus-store-tushar-optimaio.myshopify.com","timestamp":"2026-02-05T06:00:49.050Z","topic":"SHOP_UPDATE"}
{"event":"campaigns.no_change","level":"info","message":"No campaign changes detected","requestId":"63d1ff9a-6232-5b63-8f2f-c9420c3dbd75","shop":"plus-store-tushar-optimaio.myshopify.com","timestamp":"2026-02-05T06:00:49.539Z"}
{"event":"orders.flush.cron.triggered","level":"info","message":"Hourly order flush cron triggered","requestId":"dce60f5f-4f88-4b0f-a286-daba01e72083","timestamp":"2026-02-05T06:30:00.084Z"}
{"event":"orders.flush.scan.started","level":"info","message":"Order flush scan started","requestId":"dce60f5f-4f88-4b0f-a286-daba01e72083","timestamp":"2026-02-05T06:30:00.085Z"}
{"event":"billing.cron.triggered","level":"info","message":"Store expiry cron triggered","requestId":"6ce8e48e-f6ca-4fdb-8eb3-222a7acaa0a5","timestamp":"2026-02-05T06:30:00.110Z"}
{"event":"billing.cron.scan.started","level":"info","maxPerRun":10,"message":"Store expiry scan started","requestId":"6ce8e48e-f6ca-4fdb-8eb3-222a7acaa0a5","timestamp":"2026-02-05T06:30:00.110Z"}
{"event":"billing.orders.cron.triggered","level":"info","message":"Order-based billing cron triggered","requestId":"12844ddd-7306-4168-9a21-bd54987ef9dd","timestamp":"2026-02-05T06:30:00.112Z"}
{"event":"billing.orders.scan.started","level":"info","message":"Order-based billing scan started","requestId":"12844ddd-7306-4168-9a21-bd54987ef9dd","timestamp":"2026-02-05T06:30:00.113Z"}
{"event":"orders.flush.queue.empty","level":"info","message":"No order queues found","requestId":"dce60f5f-4f88-4b0f-a286-daba01e72083","timestamp":"2026-02-05T06:30:00.118Z"}
{"event":"billing.cron.no_expired_store","level":"info","message":"Next billing cycle has not expired yet","nextExpiry":"2026-02-05T06:31:22.283Z","nextShop":"bb-basic-optimaio-cart.myshopify.com","requestId":"6ce8e48e-f6ca-4fdb-8eb3-222a7acaa0a5","timestamp":"2026-02-05T06:30:00.126Z"}
{"event":"billing.cron.scan.completed","level":"info","message":"Store expiry scan completed","processed":0,"requestId":"6ce8e48e-f6ca-4fdb-8eb3-222a7acaa0a5","timestamp":"2026-02-05T06:30:00.126Z"}
{"event":"billing.orders.zero","level":"info","message":"No orders for store, skipping upgrade","requestId":"12844ddd-7306-4168-9a21-bd54987ef9dd","storeId":"basic-optimaio-cart.myshopify.com","timestamp":"2026-02-05T06:30:00.767Z"}
{"event":"billing.orders.scan.completed","level":"info","message":"Order-based billing scan completed","requestId":"12844ddd-7306-4168-9a21-bd54987ef9dd","timestamp":"2026-02-05T06:30:00.784Z"}
{"event":"timer.fetch.received","level":"info","message":"Fetch cart timer request received","requestId":"891c672f-e540-4f7e-98d1-30166590e10a","timestamp":"2026-02-05T06:43:48.800Z"}
{"event":"timer.fetch.start","level":"info","message":"Fetching cart timer metafield","requestId":"891c672f-e540-4f7e-98d1-30166590e10a","shop":"plus-store-tushar-optimaio.myshopify.com","timestamp":"2026-02-05T06:43:48.866Z"}
{"event":"timer.fetch.success","level":"info","message":"Cart timer fetched successfully","requestId":"891c672f-e540-4f7e-98d1-30166590e10a","shop":"plus-store-tushar-optimaio.myshopify.com","timestamp":"2026-02-05T06:43:49.678Z"}
{"event":"timer.fetch.received","level":"info","message":"Fetch cart timer request received","requestId":"231663bb-9734-40da-aae0-4b367e295f3a","timestamp":"2026-02-05T06:43:50.055Z"}
{"event":"timer.fetch.start","level":"info","message":"Fetching cart timer metafield","requestId":"231663bb-9734-40da-aae0-4b367e295f3a","shop":"plus-store-tushar-optimaio.myshopify.com","timestamp":"2026-02-05T06:43:50.190Z"}
{"event":"timer.fetch.success","level":"info","message":"Cart timer fetched successfully","requestId":"231663bb-9734-40da-aae0-4b367e295f3a","shop":"plus-store-tushar-optimaio.myshopify.com","timestamp":"2026-02-05T06:43:50.981Z"}
{"event":"campaign.metafield.fetch.received","level":"info","message":"Fetch campaign metafield request received","requestId":"63c67964-38a9-41f6-9878-528391bc69d4","timestamp":"2026-02-05T06:44:24.421Z"}
{"event":"shop.currency.fetch.received","level":"info","message":"Fetch shop currency request received","requestId":"cf314b81-7b56-4476-8e2b-e4d16fa136ed","timestamp":"2026-02-05T06:44:24.431Z"}
{"event":"campaign.metafield.fetch.start","key":"campaigns","level":"info","message":"Fetching campaign metafield","namespace":"optimaio_cart","requestId":"63c67964-38a9-41f6-9878-528391bc69d4","shop":"plus-store-tushar-optimaio.myshopify.com","timestamp":"2026-02-05T06:44:24.491Z"}
{"event":"campaign.metafield.fetch.success","key":"campaigns","level":"info","message":"Campaign metafield fetched successfully","namespace":"optimaio_cart","requestId":"63c67964-38a9-41f6-9878-528391bc69d4","shop":"plus-store-tushar-optimaio.myshopify.com","timestamp":"2026-02-05T06:44:24.985Z"}
{"event":"shop.currency.fetch.start","level":"info","message":"Fetching shop currency from Shopify","requestId":"cf314b81-7b56-4476-8e2b-e4d16fa136ed","shop":"plus-store-tushar-optimaio.myshopify.com","timestamp":"2026-02-05T06:44:25.016Z"}
{"event":"campaign.metafield.fetch.received","level":"info","message":"Fetch campaign metafield request received","requestId":"7e916146-8788-459d-b759-c9e97211857b","timestamp":"2026-02-05T06:44:25.374Z"}
{"currencyCode":"USD","event":"shop.currency.fetch.success","level":"info","message":"Shop currency fetched successfully","requestId":"cf314b81-7b56-4476-8e2b-e4d16fa136ed","shop":"plus-store-tushar-optimaio.myshopify.com","timestamp":"2026-02-05T06:44:25.395Z"}
{"event":"campaign.metafield.fetch.start","key":"campaigns","level":"info","message":"Fetching campaign metafield","namespace":"optimaio_cart","requestId":"7e916146-8788-459d-b759-c9e97211857b","shop":"plus-store-tushar-optimaio.myshopify.com","timestamp":"2026-02-05T06:44:25.437Z"}
{"event":"shop.currency.fetch.received","level":"info","message":"Fetch shop currency request received","requestId":"d29d6560-e7c4-4d22-baf4-0bceb636ddb1","timestamp":"2026-02-05T06:44:25.793Z"}
{"event":"campaign.metafield.fetch.success","key":"campaigns","level":"info","message":"Campaign metafield fetched successfully","namespace":"optimaio_cart","requestId":"7e916146-8788-459d-b759-c9e97211857b","shop":"plus-store-tushar-optimaio.myshopify.com","timestamp":"2026-02-05T06:44:25.830Z"}
{"event":"shop.currency.fetch.start","level":"info","message":"Fetching shop currency from Shopify","requestId":"d29d6560-e7c4-4d22-baf4-0bceb636ddb1","shop":"plus-store-tushar-optimaio.myshopify.com","timestamp":"2026-02-05T06:44:25.862Z"}
{"currencyCode":"USD","event":"shop.currency.fetch.success","level":"info","message":"Shop currency fetched successfully","requestId":"d29d6560-e7c4-4d22-baf4-0bceb636ddb1","shop":"plus-store-tushar-optimaio.myshopify.com","timestamp":"2026-02-05T06:44:26.249Z"}
{"event":"shop.currency.fetch.received","level":"info","message":"Fetch shop currency request received","requestId":"56981c51-0d02-44c9-b417-b80875376597","timestamp":"2026-02-05T06:45:40.444Z"}
{"event":"campaign.metafield.fetch.received","level":"info","message":"Fetch campaign metafield request received","requestId":"b7a9376e-7037-499e-9388-c1ebc601fdb4","timestamp":"2026-02-05T06:45:40.453Z"}
{"event":"shop.currency.fetch.start","level":"info","message":"Fetching shop currency from Shopify","requestId":"56981c51-0d02-44c9-b417-b80875376597","shop":"plus-store-tushar-optimaio.myshopify.com","timestamp":"2026-02-05T06:45:40.522Z"}
{"event":"campaign.metafield.fetch.start","key":"campaigns","level":"info","message":"Fetching campaign metafield","namespace":"optimaio_cart","requestId":"b7a9376e-7037-499e-9388-c1ebc601fdb4","shop":"plus-store-tushar-optimaio.myshopify.com","timestamp":"2026-02-05T06:45:40.587Z"}
{"currencyCode":"USD","event":"shop.currency.fetch.success","level":"info","message":"Shop currency fetched successfully","requestId":"56981c51-0d02-44c9-b417-b80875376597","shop":"plus-store-tushar-optimaio.myshopify.com","timestamp":"2026-02-05T06:45:41.006Z"}
{"event":"campaign.metafield.fetch.success","key":"campaigns","level":"info","message":"Campaign metafield fetched successfully","namespace":"optimaio_cart","requestId":"b7a9376e-7037-499e-9388-c1ebc601fdb4","shop":"plus-store-tushar-optimaio.myshopify.com","timestamp":"2026-02-05T06:45:41.083Z"}
{"event":"shop.currency.fetch.received","level":"info","message":"Fetch shop currency request received","requestId":"2cd853f2-c9e0-4c14-81ad-5da82d022023","timestamp":"2026-02-05T06:45:41.393Z"}
{"event":"shop.currency.fetch.start","level":"info","message":"Fetching shop currency from Shopify","requestId":"2cd853f2-c9e0-4c14-81ad-5da82d022023","shop":"plus-store-tushar-optimaio.myshopify.com","timestamp":"2026-02-05T06:45:41.464Z"}
{"event":"campaign.metafield.fetch.received","level":"info","message":"Fetch campaign metafield request received","requestId":"475d13c3-81d7-4706-9f5f-b748237cfeb3","timestamp":"2026-02-05T06:45:41.472Z"}
{"event":"campaign.metafield.fetch.start","key":"campaigns","level":"info","message":"Fetching campaign metafield","namespace":"optimaio_cart","requestId":"475d13c3-81d7-4706-9f5f-b748237cfeb3","shop":"plus-store-tushar-optimaio.myshopify.com","timestamp":"2026-02-05T06:45:41.544Z"}
{"currencyCode":"USD","event":"shop.currency.fetch.success","level":"info","message":"Shop currency fetched successfully","requestId":"2cd853f2-c9e0-4c14-81ad-5da82d022023","shop":"plus-store-tushar-optimaio.myshopify.com","timestamp":"2026-02-05T06:45:41.874Z"}
{"event":"campaign.metafield.fetch.success","key":"campaigns","level":"info","message":"Campaign metafield fetched successfully","namespace":"optimaio_cart","requestId":"475d13c3-81d7-4706-9f5f-b748237cfeb3","shop":"plus-store-tushar-optimaio.myshopify.com","timestamp":"2026-02-05T06:45:41.957Z"}
{"event":"shop.currency.fetch.received","level":"info","message":"Fetch shop currency request received","requestId":"c83e412d-6d59-4c03-b729-ba4f7a0c5c5a","timestamp":"2026-02-05T06:46:40.254Z"}
{"event":"campaign.metafield.fetch.received","level":"info","message":"Fetch campaign metafield request received","requestId":"90c3aa5c-821f-4cb1-932c-a8d33b72cea7","timestamp":"2026-02-05T06:46:40.304Z"}
{"event":"shop.currency.fetch.start","level":"info","message":"Fetching shop currency from Shopify","requestId":"c83e412d-6d59-4c03-b729-ba4f7a0c5c5a","shop":"plus-store-tushar-optimaio.myshopify.com","timestamp":"2026-02-05T06:46:40.323Z"}
{"event":"campaign.metafield.fetch.start","key":"campaigns","level":"info","message":"Fetching campaign metafield","namespace":"optimaio_cart","requestId":"90c3aa5c-821f-4cb1-932c-a8d33b72cea7","shop":"plus-store-tushar-optimaio.myshopify.com","timestamp":"2026-02-05T06:46:40.431Z"}
{"currencyCode":"USD","event":"shop.currency.fetch.success","level":"info","message":"Shop currency fetched successfully","requestId":"c83e412d-6d59-4c03-b729-ba4f7a0c5c5a","shop":"plus-store-tushar-optimaio.myshopify.com","timestamp":"2026-02-05T06:46:40.709Z"}
{"event":"shop.currency.fetch.received","level":"info","message":"Fetch shop currency request received","requestId":"dab0b2d5-bb8b-4d6c-8e42-3a0393d8a4a4","timestamp":"2026-02-05T06:46:40.770Z"}
{"event":"shop.currency.fetch.start","level":"info","message":"Fetching shop currency from Shopify","requestId":"dab0b2d5-bb8b-4d6c-8e42-3a0393d8a4a4","shop":"plus-store-tushar-optimaio.myshopify.com","timestamp":"2026-02-05T06:46:40.834Z"}
{"event":"campaign.metafield.fetch.success","key":"campaigns","level":"info","message":"Campaign metafield fetched successfully","namespace":"optimaio_cart","requestId":"90c3aa5c-821f-4cb1-932c-a8d33b72cea7","shop":"plus-store-tushar-optimaio.myshopify.com","timestamp":"2026-02-05T06:46:40.914Z"}
{"event":"campaign.metafield.fetch.received","level":"info","message":"Fetch campaign metafield request received","requestId":"2810d1ea-fdd6-4144-b36e-fb4d8817ebfe","timestamp":"2026-02-05T06:46:40.977Z"}
{"event":"campaign.metafield.fetch.start","key":"campaigns","level":"info","message":"Fetching campaign metafield","namespace":"optimaio_cart","requestId":"2810d1ea-fdd6-4144-b36e-fb4d8817ebfe","shop":"plus-store-tushar-optimaio.myshopify.com","timestamp":"2026-02-05T06:46:41.040Z"}
{"currencyCode":"USD","event":"shop.currency.fetch.success","level":"info","message":"Shop currency fetched successfully","requestId":"dab0b2d5-bb8b-4d6c-8e42-3a0393d8a4a4","shop":"plus-store-tushar-optimaio.myshopify.com","timestamp":"2026-02-05T06:46:41.222Z"}
{"event":"campaign.metafield.fetch.success","key":"campaigns","level":"info","message":"Campaign metafield fetched successfully","namespace":"optimaio_cart","requestId":"2810d1ea-fdd6-4144-b36e-fb4d8817ebfe","shop":"plus-store-tushar-optimaio.myshopify.com","timestamp":"2026-02-05T06:46:41.433Z"}
